<?xml version="1.0" encoding="UTF-8" ?>
<testsuite errors="4" failures="11" hostname="UTC-123-TUF" name="com.google.appinventor.server.ComponentServiceTest" skipped="0" tests="20" time="6.806" timestamp="2026-08-17T04:08:01">
  <properties>
[...]
</properties>
  <testcase classname="com.google.appinventor.server.ComponentServiceTest" name="testUpgradeExtensionBundleToBundle" time="6.125">
    <failure message="expected:&lt;UPGRADED&gt; but was:&lt;FAILED&gt;" type="junit.framework.AssertionFailedError">junit.framework.AssertionFailedError: expected:&lt;UPGRADED&gt; but was:&lt;FAILED&gt;
	at com.google.appinventor.server.ComponentServiceTest.testUpgradeExtensionBundleToBundle(ComponentServiceTest.java:153)
	at java.base/jdk.internal.reflect.DirectMethodHandleAccessor.invoke(Unknown Source)
</failure>
  </testcase>
  <testcase classname="com.google.appinventor.server.ComponentServiceTest" name="testUpgradeManyOldExtensionsToOneBundle" time="0.026">
    <failure message="expected:&lt;UPGRADED&gt; but was:&lt;FAILED&gt;" type="junit.framework.AssertionFailedError">junit.framework.AssertionFailedError: expected:&lt;UPGRADED&gt; but was:&lt;FAILED&gt;
	at com.google.appinventor.server.ComponentServiceTest.testUpgradeManyOldExtensionsToOneBundle(ComponentServiceTest.java:250)
	at java.base/jdk.internal.reflect.DirectMethodHandleAccessor.invoke(Unknown Source)
</failure>
  </testcase>
  <testcase classname="com.google.appinventor.server.ComponentServiceTest" name="testFailIfPackageCollisionWithDifferingComponents" time="0.024" />
  <testcase classname="com.google.appinventor.server.ComponentServiceTest" name="testUpgradeTransitionExtensionToBundle" time="0.019">
    <failure message="Failed with error: E expected:&lt;UPGRADED&gt; but was:&lt;FAILED&gt;" type="junit.framework.AssertionFailedError">junit.framework.AssertionFailedError: Failed with error: E expected:&lt;UPGRADED&gt; but was:&lt;FAILED&gt;
	at com.google.appinventor.server.ComponentServiceTest.testUpgradeTransitionExtensionToBundle(ComponentServiceTest.java:175)
	at java.base/jdk.internal.reflect.DirectMethodHandleAccessor.invoke(Unknown Source)
</failure>
  </testcase>
  <testcase classname="com.google.appinventor.server.ComponentServiceTest" name="testEmptyComponentDescriptors" time="0.02" />
  <testcase classname="com.google.appinventor.server.ComponentServiceTest" name="testUpgradeExtensionSingleToTransition" time="0.02">
    <error message="Illegal character in authority at index 9: file://E:\mainproject\appinventor-sources\appinventor/appengine/tests/com/google/appinventor/server/OldExtensionTest.aia" type="java.lang.IllegalArgumentException">java.lang.IllegalArgumentException: Illegal character in authority at index 9: file://E:\mainproject\appinventor-sources\appinventor/appengine/tests/com/google/appinventor/server/OldExtensionTest.aia
	at java.base/java.net.URI.create(Unknown Source)
	at com.google.appinventor.server.ComponentServiceTest.importProject(ComponentServiceTest.java:291)
	at com.google.appinventor.server.ComponentServiceTest.testUpgradeExtensionSingleToTransition(ComponentServiceTest.java:114)
	at java.base/jdk.internal.reflect.DirectMethodHandleAccessor.invoke(Unknown Source)
Caused by: java.net.URISyntaxException: Illegal character in authority at index 9: file://E:\mainproject\appinventor-sources\appinventor/appengine/tests/com/google/appinventor/server/OldExtensionTest.aia
	at java.base/java.net.URI$Parser.fail(Unknown Source)
	at java.base/java.net.URI$Parser.parseAuthority(Unknown Source)
	at java.base/java.net.URI$Parser.parseHierarchical(Unknown Source)
	at java.base/java.net.URI$Parser.parse(Unknown Source)
	at java.base/java.net.URI.&lt;init&gt;(Unknown Source)
</error>
  </testcase>
  <testcase classname="com.google.appinventor.server.ComponentServiceTest" name="testBadExtensionFile" time="0.058" />
  <testcase classname="com.google.appinventor.server.ComponentServiceTest" name="testBadComponentJson" time="0.035" />
  <testcase classname="com.google.appinventor.server.ComponentServiceTest" name="testDowngradeExtensionBundleToOldExtension" time="0.03">
    <failure message="expected:&lt;BUNDLE_DOWNGRADE&gt; but was:&lt;FAILED&gt;" type="junit.framework.AssertionFailedError">junit.framework.AssertionFailedError: expected:&lt;BUNDLE_DOWNGRADE&gt; but was:&lt;FAILED&gt;
	at com.google.appinventor.server.ComponentServiceTest.testDowngradeExtensionBundleToOldExtension(ComponentServiceTest.java:139)
	at java.base/jdk.internal.reflect.DirectMethodHandleAccessor.invoke(Unknown Source)
</failure>
  </testcase>
  <testcase classname="com.google.appinventor.server.ComponentServiceTest" name="testUpgradeExtensionSingleToBundle" time="0.029">
    <error message="Illegal character in authority at index 9: file://E:\mainproject\appinventor-sources\appinventor/appengine/tests/com/google/appinventor/server/OldExtensionTest.aia" type="java.lang.IllegalArgumentException">java.lang.IllegalArgumentException: Illegal character in authority at index 9: file://E:\mainproject\appinventor-sources\appinventor/appengine/tests/com/google/appinventor/server/OldExtensionTest.aia
	at java.base/java.net.URI.create(Unknown Source)
	at com.google.appinventor.server.ComponentServiceTest.importProject(ComponentServiceTest.java:291)
	at com.google.appinventor.server.ComponentServiceTest.testUpgradeExtensionSingleToBundle(ComponentServiceTest.java:127)
	at java.base/jdk.internal.reflect.DirectMethodHandleAccessor.invoke(Unknown Source)
Caused by: java.net.URISyntaxException: Illegal character in authority at index 9: file://E:\mainproject\appinventor-sources\appinventor/appengine/tests/com/google/appinventor/server/OldExtensionTest.aia
	at java.base/java.net.URI$Parser.fail(Unknown Source)
	at java.base/java.net.URI$Parser.parseAuthority(Unknown Source)
	at java.base/java.net.URI$Parser.parseHierarchical(Unknown Source)
	at java.base/java.net.URI$Parser.parse(Unknown Source)
	at java.base/java.net.URI.&lt;init&gt;(Unknown Source)
</error>
  </testcase>
  <testcase classname="com.google.appinventor.server.ComponentServiceTest" name="testUpgradeTransitionToTransition" time="0.028">
    <failure message="Failed with error: E expected:&lt;UPGRADED&gt; but was:&lt;FAILED&gt;" type="junit.framework.AssertionFailedError">junit.framework.AssertionFailedError: Failed with error: E expected:&lt;UPGRADED&gt; but was:&lt;FAILED&gt;
	at com.google.appinventor.server.ComponentServiceTest.testUpgradeTransitionToTransition(ComponentServiceTest.java:164)
	at java.base/jdk.internal.reflect.DirectMethodHandleAccessor.invoke(Unknown Source)
</failure>
  </testcase>
  <testcase classname="com.google.appinventor.server.ComponentServiceTest" name="testOkayIfPackageCollisionButNoOverlappingTypes" time="0.022">
    <failure message="expected:&lt;IMPORTED&gt; but was:&lt;FAILED&gt;" type="junit.framework.AssertionFailedError">junit.framework.AssertionFailedError: expected:&lt;IMPORTED&gt; but was:&lt;FAILED&gt;
	at com.google.appinventor.server.ComponentServiceTest.testOkayIfPackageCollisionButNoOverlappingTypes(ComponentServiceTest.java:211)
	at java.base/jdk.internal.reflect.DirectMethodHandleAccessor.invoke(Unknown Source)
</failure>
  </testcase>
  <testcase classname="com.google.appinventor.server.ComponentServiceTest" name="testNoComponentDescriptor" time="0.022" />
  <testcase classname="com.google.appinventor.server.ComponentServiceTest" name="testLoadSingleExtension" time="0.029">
    <failure message="expected:&lt;IMPORTED&gt; but was:&lt;FAILED&gt;" type="junit.framework.AssertionFailedError">junit.framework.AssertionFailedError: expected:&lt;IMPORTED&gt; but was:&lt;FAILED&gt;
	at com.google.appinventor.server.ComponentServiceTest.testLoadSingleExtension(ComponentServiceTest.java:77)
	at java.base/jdk.internal.reflect.DirectMethodHandleAccessor.invoke(Unknown Source)
</failure>
  </testcase>
  <testcase classname="com.google.appinventor.server.ComponentServiceTest" name="testLoadMultipleExtensionBundle" time="0.025">
    <failure message="expected:&lt;IMPORTED&gt; but was:&lt;FAILED&gt;" type="junit.framework.AssertionFailedError">junit.framework.AssertionFailedError: expected:&lt;IMPORTED&gt; but was:&lt;FAILED&gt;
	at com.google.appinventor.server.ComponentServiceTest.testLoadMultipleExtensionBundle(ComponentServiceTest.java:93)
	at java.base/jdk.internal.reflect.DirectMethodHandleAccessor.invoke(Unknown Source)
</failure>
  </testcase>
  <testcase classname="com.google.appinventor.server.ComponentServiceTest" name="testUpgradeExtensionSingleToSingle" time="0.021">
    <error message="Illegal character in authority at index 9: file://E:\mainproject\appinventor-sources\appinventor/appengine/tests/com/google/appinventor/server/OldExtensionTest.aia" type="java.lang.IllegalArgumentException">java.lang.IllegalArgumentException: Illegal character in authority at index 9: file://E:\mainproject\appinventor-sources\appinventor/appengine/tests/com/google/appinventor/server/OldExtensionTest.aia
	at java.base/java.net.URI.create(Unknown Source)
	at com.google.appinventor.server.ComponentServiceTest.importProject(ComponentServiceTest.java:291)
	at com.google.appinventor.server.ComponentServiceTest.testUpgradeExtensionSingleToSingle(ComponentServiceTest.java:101)
	at java.base/jdk.internal.reflect.DirectMethodHandleAccessor.invoke(Unknown Source)
Caused by: java.net.URISyntaxException: Illegal character in authority at index 9: file://E:\mainproject\appinventor-sources\appinventor/appengine/tests/com/google/appinventor/server/OldExtensionTest.aia
	at java.base/java.net.URI$Parser.fail(Unknown Source)
	at java.base/java.net.URI$Parser.parseAuthority(Unknown Source)
	at java.base/java.net.URI$Parser.parseHierarchical(Unknown Source)
	at java.base/java.net.URI$Parser.parse(Unknown Source)
	at java.base/java.net.URI.&lt;init&gt;(Unknown Source)
</error>
  </testcase>
  <testcase classname="com.google.appinventor.server.ComponentServiceTest" name="testLoadExtensionBundle" time="0.021">
    <failure message="expected:&lt;IMPORTED&gt; but was:&lt;FAILED&gt;" type="junit.framework.AssertionFailedError">junit.framework.AssertionFailedError: expected:&lt;IMPORTED&gt; but was:&lt;FAILED&gt;
	at com.google.appinventor.server.ComponentServiceTest.testLoadExtensionBundle(ComponentServiceTest.java:85)
	at java.base/jdk.internal.reflect.DirectMethodHandleAccessor.invoke(Unknown Source)
</failure>
  </testcase>
  <testcase classname="com.google.appinventor.server.ComponentServiceTest" name="testDowngradeExtensionBundleToBundle" time="0.023">
    <failure message="expected:&lt;BUNDLE_DOWNGRADE&gt; but was:&lt;FAILED&gt;" type="junit.framework.AssertionFailedError">junit.framework.AssertionFailedError: expected:&lt;BUNDLE_DOWNGRADE&gt; but was:&lt;FAILED&gt;
	at com.google.appinventor.server.ComponentServiceTest.testDowngradeExtensionBundleToBundle(ComponentServiceTest.java:146)
	at java.base/jdk.internal.reflect.DirectMethodHandleAccessor.invoke(Unknown Source)
</failure>
  </testcase>
  <testcase classname="com.google.appinventor.server.ComponentServiceTest" name="testReversedFilesExtension" time="0.021">
    <failure message="Failed with error: E expected:&lt;UPGRADED&gt; but was:&lt;FAILED&gt;" type="junit.framework.AssertionFailedError">junit.framework.AssertionFailedError: Failed with error: E expected:&lt;UPGRADED&gt; but was:&lt;FAILED&gt;
	at com.google.appinventor.server.ComponentServiceTest.testReversedFilesExtension(ComponentServiceTest.java:187)
	at java.base/jdk.internal.reflect.DirectMethodHandleAccessor.invoke(Unknown Source)
</failure>
  </testcase>
  <testcase classname="com.google.appinventor.server.ComponentServiceTest" name="testUpgradeIfProjectMissingComponentsJson" time="0.019">
    <error message="Illegal character in authority at index 9: file://E:\mainproject\appinventor-sources\appinventor/appengine/tests/com/google/appinventor/server/CorruptExtensionTestMissingDescriptors.aia" type="java.lang.IllegalArgumentException">java.lang.IllegalArgumentException: Illegal character in authority at index 9: file://E:\mainproject\appinventor-sources\appinventor/appengine/tests/com/google/appinventor/server/CorruptExtensionTestMissingDescriptors.aia
	at java.base/java.net.URI.create(Unknown Source)
	at com.google.appinventor.server.ComponentServiceTest.importProject(ComponentServiceTest.java:291)
	at com.google.appinventor.server.ComponentServiceTest.testUpgradeIfProjectMissingComponentsJson(ComponentServiceTest.java:196)
	at java.base/jdk.internal.reflect.DirectMethodHandleAccessor.invoke(Unknown Source)
Caused by: java.net.URISyntaxException: Illegal character in authority at index 9: file://E:\mainproject\appinventor-sources\appinventor/appengine/tests/com/google/appinventor/server/CorruptExtensionTestMissingDescriptors.aia
	at java.base/java.net.URI$Parser.fail(Unknown Source)
	at java.base/java.net.URI$Parser.parseAuthority(Unknown Source)
	at java.base/java.net.URI$Parser.parseHierarchical(Unknown Source)
	at java.base/java.net.URI$Parser.parse(Unknown Source)
	at java.base/java.net.URI.&lt;init&gt;(Unknown Source)
</error>
  </testcase>
  <system-out><![CDATA[]]></system-out>
  <system-err><![CDATA[Aug 17, 2026 4:08:02 AM com.google.appengine.api.datastore.dev.LocalDatastoreService init
INFO: Local Datastore initialized: 
	Type: High Replication
	Storage: In-memory
Aug 17, 2026 4:08:02 AM com.google.appinventor.server.storage.ObjectifyStorageIo <clinit>
INFO: Default GCS Bucket Configured from App Identity: app_default_bucket
Aug 17, 2026 4:08:08 AM com.google.appengine.api.datastore.dev.LocalDatastoreService init
INFO: Local Datastore initialized: 
	Type: High Replication
	Storage: In-memory
Aug 17, 2026 4:08:08 AM com.google.appengine.api.datastore.dev.LocalDatastoreService init
INFO: Local Datastore initialized: 
	Type: High Replication
	Storage: In-memory
E
Aug 17, 2026 4:08:08 AM com.google.appengine.api.datastore.dev.LocalDatastoreService init
INFO: Local Datastore initialized: 
	Type: High Replication
	Storage: In-memory
Aug 17, 2026 4:08:08 AM com.google.appengine.api.datastore.dev.LocalDatastoreService init
INFO: Local Datastore initialized: 
	Type: High Replication
	Storage: In-memory
Aug 17, 2026 4:08:08 AM com.google.appengine.api.datastore.dev.LocalDatastoreService init
INFO: Local Datastore initialized: 
	Type: High Replication
	Storage: In-memory
Aug 17, 2026 4:08:08 AM com.google.appengine.api.datastore.dev.LocalDatastoreService init
INFO: Local Datastore initialized: 
	Type: High Replication
	Storage: In-memory
Aug 17, 2026 4:08:08 AM com.google.appengine.api.datastore.dev.LocalDatastoreService init
INFO: Local Datastore initialized: 
	Type: High Replication
	Storage: In-memory
Aug 17, 2026 4:08:08 AM com.google.appengine.api.datastore.dev.LocalDatastoreService init
INFO: Local Datastore initialized: 
	Type: High Replication
	Storage: In-memory
Aug 17, 2026 4:08:08 AM com.google.appengine.api.datastore.dev.LocalDatastoreService init
INFO: Local Datastore initialized: 
	Type: High Replication
	Storage: In-memory
Aug 17, 2026 4:08:08 AM com.google.appengine.api.datastore.dev.LocalDatastoreService init
INFO: Local Datastore initialized: 
	Type: High Replication
	Storage: In-memory
Aug 17, 2026 4:08:08 AM com.google.appengine.api.datastore.dev.LocalDatastoreService init
INFO: Local Datastore initialized: 
	Type: High Replication
	Storage: In-memory
Aug 17, 2026 4:08:08 AM com.google.appengine.api.datastore.dev.LocalDatastoreService init
INFO: Local Datastore initialized: 
	Type: High Replication
	Storage: In-memory
Aug 17, 2026 4:08:08 AM com.google.appengine.api.datastore.dev.LocalDatastoreService init
INFO: Local Datastore initialized: 
	Type: High Replication
	Storage: In-memory
Aug 17, 2026 4:08:08 AM com.google.appengine.api.datastore.dev.LocalDatastoreService init
INFO: Local Datastore initialized: 
	Type: High Replication
	Storage: In-memory
Aug 17, 2026 4:08:08 AM com.google.appengine.api.datastore.dev.LocalDatastoreService init
INFO: Local Datastore initialized: 
	Type: High Replication
	Storage: In-memory
Aug 17, 2026 4:08:08 AM com.google.appengine.api.datastore.dev.LocalDatastoreService init
INFO: Local Datastore initialized: 
	Type: High Replication
	Storage: In-memory
Aug 17, 2026 4:08:08 AM com.google.appengine.api.datastore.dev.LocalDatastoreService init
INFO: Local Datastore initialized: 
	Type: High Replication
	Storage: In-memory
Aug 17, 2026 4:08:08 AM com.google.appengine.api.datastore.dev.LocalDatastoreService init
INFO: Local Datastore initialized: 
	Type: High Replication
	Storage: In-memory
Aug 17, 2026 4:08:08 AM com.google.appengine.api.datastore.dev.LocalDatastoreService init
INFO: Local Datastore initialized: 
	Type: High Replication
	Storage: In-memory
]]></system-err>
</testsuite>
